TN:
SF:C:\Users\zhutongtong\Desktop\react-wheels\lib\button.d.ts
FNF:0
FNH:0
LF:0
LH:0
BRF:0
BRH:0
end_of_record
TN:
SF:C:\Users\zhutongtong\Desktop\react-wheels\lib\button.tsx
FN:2,Button
FNF:1
FNH:0
FNDA:0,Button
DA:1,0
DA:3,0
DA:8,0
LF:3
LH:0
BRF:0
BRH:0
end_of_record
TN:
SF:C:\Users\zhutongtong\Desktop\react-wheels\lib\index.tsx
FNF:0
FNH:0
DA:1,0
DA:2,0
DA:3,0
DA:4,0
DA:6,0
DA:21,0
LF:6
LH:0
BRF:0
BRH:0
end_of_record
TN:
SF:C:\Users\zhutongtong\Desktop\react-wheels\lib\helper\classes.ts
FN:2,classes
FNF:1
FNH:1
FNDA:11,classes
DA:2,54
DA:3,11
DA:6,2
LF:3
LH:3
BRF:0
BRH:0
end_of_record
TN:
SF:C:\Users\zhutongtong\Desktop\react-wheels\lib\icon\icon.tsx
FN:12,(anonymous_0)
FNF:1
FNH:1
FNDA:6,(anonymous_0)
DA:1,1
DA:2,1
DA:3,1
DA:4,1
DA:12,1
DA:13,24
DA:15,6
DA:23,1
LF:8
LH:8
BRDA:16,0,0,1
BRDA:16,0,1,5
BRDA:16,1,0,0
BRDA:16,1,1,6
BRF:4
BRH:3
end_of_record
TN:
SF:C:\Users\zhutongtong\Desktop\react-wheels\lib\types\custom.d.ts
FNF:0
FNH:0
LF:0
LH:0
BRF:0
BRH:0
end_of_record
